  FFGLFBO.cpp
  FFGLScopedBufferBinding.cpp
  FFGLScopedFBOBinding.cpp
  FFGLScopedRenderBufferBinding.cpp
  FFGLScopedSamplerActivation.cpp
  FFGLScopedShaderBinding.cpp
  FFGLScopedTextureBinding.cpp
  FFGLScopedVAOBinding.cpp
  FFGLScreenQuad.cpp
  FFGLShader.cpp
  FFGLUtilities.cpp
  FFGLAudio.cpp
  FFGLEffect.cpp
  FFGLMixer.cpp
  FFGLParam.cpp
  FFGLParamBool.cpp
  FFGLParamEvent.cpp
  FFGLParamFFT.cpp
  FFGLParamOption.cpp
  FFGLParamRange.cpp
  Code wird generiert...
  Kompilieren...
  FFGLParamText.cpp
  FFGLParamTrigger.cpp
  FFGLPlugin.cpp
  FFGLRandom.cpp
  FFGLSmoothValue.cpp
  FFGLSource.cpp
  FFGL.cpp
  FFGLLog.cpp
  FFGLPluginInfo.cpp
  FFGLPluginInfoData.cpp
  FFGLPluginManager.cpp
  FFGLPluginSDK.cpp
  FFGLThumbnailInfo.cpp
  Constants.cpp
  GLResources.cpp
  Particles.cpp
C:\Users\atiemark\OneDrive\Resolume FFGL coding\ffgl\source\plugins\Particles\Particles.cpp(144,18): warning C4244: "Initialisierung": Konvertierung von "double" in "float", möglicher Datenverlust
C:\Users\atiemark\OneDrive\Resolume FFGL coding\ffgl\source\plugins\Particles\Particles.cpp(169,3): warning C4996: 'sprintf': This function or variable may be unsafe. Consider using sprintf_s instead. To disable deprecation, use _CRT_SECURE_NO_WARNINGS. See online help for details.
C:\Users\atiemark\OneDrive\Resolume FFGL coding\ffgl\source\plugins\Particles\Particles.cpp(172,3): warning C4996: 'sprintf': This function or variable may be unsafe. Consider using sprintf_s instead. To disable deprecation, use _CRT_SECURE_NO_WARNINGS. See online help for details.
C:\Users\atiemark\OneDrive\Resolume FFGL coding\ffgl\source\plugins\Particles\Particles.cpp(175,3): warning C4996: 'sprintf': This function or variable may be unsafe. Consider using sprintf_s instead. To disable deprecation, use _CRT_SECURE_NO_WARNINGS. See online help for details.
C:\Users\atiemark\OneDrive\Resolume FFGL coding\ffgl\source\plugins\Particles\Particles.cpp(178,3): warning C4996: 'sprintf': This function or variable may be unsafe. Consider using sprintf_s instead. To disable deprecation, use _CRT_SECURE_NO_WARNINGS. See online help for details.
C:\Users\atiemark\OneDrive\Resolume FFGL coding\ffgl\source\plugins\Particles\Particles.cpp(181,3): warning C4996: 'sprintf': This function or variable may be unsafe. Consider using sprintf_s instead. To disable deprecation, use _CRT_SECURE_NO_WARNINGS. See online help for details.
C:\Users\atiemark\OneDrive\Resolume FFGL coding\ffgl\source\plugins\Particles\Particles.cpp(184,3): warning C4996: 'sprintf': This function or variable may be unsafe. Consider using sprintf_s instead. To disable deprecation, use _CRT_SECURE_NO_WARNINGS. See online help for details.
C:\Users\atiemark\OneDrive\Resolume FFGL coding\ffgl\source\plugins\Particles\Particles.cpp(187,3): warning C4996: 'sprintf': This function or variable may be unsafe. Consider using sprintf_s instead. To disable deprecation, use _CRT_SECURE_NO_WARNINGS. See online help for details.
C:\Users\atiemark\OneDrive\Resolume FFGL coding\ffgl\source\plugins\Particles\Particles.cpp(333,77): warning C4244: "Argument": Konvertierung von "double" in "GLfloat", möglicher Datenverlust
  Code wird generiert...
glew32s.lib(glew.obj) : warning LNK4099: PDB "" wurde nicht mit "glew32s.lib(glew.obj)" oder an "" gefunden; Objekt wird verknüpft, als ob keine Debuginformationen vorhanden wären.
     Bibliothek "..\..\binaries\x64\Debug\Particles.lib" und Objekt "..\..\binaries\x64\Debug\Particles.exp" werden erstellt.
LINK : warning LNK4098: Standardbibliothek "LIBCMT" steht in Konflikt mit anderen Bibliotheken; /NODEFAULTLIB:Bibliothek verwenden.
  Particles.vcxproj -> C:\Users\atiemark\OneDrive\Resolume FFGL coding\ffgl\binaries\x64\Debug\Particles.dll
