c:\users\atiemark\onedrive\resolume ffgl coding\ffgl\build\windows\x64\debug\add\vc143.pdb
c:\users\atiemark\onedrive\resolume ffgl coding\ffgl\build\windows\x64\debug\add\ffglparamrange.obj
c:\users\atiemark\onedrive\resolume ffgl coding\ffgl\build\windows\x64\debug\add\ffglparamoption.obj
c:\users\atiemark\onedrive\resolume ffgl coding\ffgl\build\windows\x64\debug\add\ffglparamfft.obj
c:\users\atiemark\onedrive\resolume ffgl coding\ffgl\build\windows\x64\debug\add\ffglparamevent.obj
c:\users\atiemark\onedrive\resolume ffgl coding\ffgl\build\windows\x64\debug\add\ffglparambool.obj
c:\users\atiemark\onedrive\resolume ffgl coding\ffgl\build\windows\x64\debug\add\ffglparam.obj
c:\users\atiemark\onedrive\resolume ffgl coding\ffgl\build\windows\x64\debug\add\ffglmixer.obj
c:\users\atiemark\onedrive\resolume ffgl coding\ffgl\build\windows\x64\debug\add\ffgleffect.obj
c:\users\atiemark\onedrive\resolume ffgl coding\ffgl\build\windows\x64\debug\add\ffglaudio.obj
c:\users\atiemark\onedrive\resolume ffgl coding\ffgl\build\windows\x64\debug\add\ffglutilities.obj
c:\users\atiemark\onedrive\resolume ffgl coding\ffgl\build\windows\x64\debug\add\ffglshader.obj
c:\users\atiemark\onedrive\resolume ffgl coding\ffgl\build\windows\x64\debug\add\ffglscreenquad.obj
c:\users\atiemark\onedrive\resolume ffgl coding\ffgl\build\windows\x64\debug\add\ffglscopedvaobinding.obj
c:\users\atiemark\onedrive\resolume ffgl coding\ffgl\build\windows\x64\debug\add\ffglscopedtexturebinding.obj
c:\users\atiemark\onedrive\resolume ffgl coding\ffgl\build\windows\x64\debug\add\ffglscopedshaderbinding.obj
c:\users\atiemark\onedrive\resolume ffgl coding\ffgl\build\windows\x64\debug\add\ffglscopedsampleractivation.obj
c:\users\atiemark\onedrive\resolume ffgl coding\ffgl\build\windows\x64\debug\add\ffglscopedrenderbufferbinding.obj
c:\users\atiemark\onedrive\resolume ffgl coding\ffgl\build\windows\x64\debug\add\ffglscopedfbobinding.obj
c:\users\atiemark\onedrive\resolume ffgl coding\ffgl\build\windows\x64\debug\add\ffglscopedbufferbinding.obj
c:\users\atiemark\onedrive\resolume ffgl coding\ffgl\build\windows\x64\debug\add\ffglfbo.obj
c:\users\atiemark\onedrive\resolume ffgl coding\ffgl\build\windows\x64\debug\add\add.obj
c:\users\atiemark\onedrive\resolume ffgl coding\ffgl\build\windows\x64\debug\add\ffglthumbnailinfo.obj
c:\users\atiemark\onedrive\resolume ffgl coding\ffgl\build\windows\x64\debug\add\ffglpluginsdk.obj
c:\users\atiemark\onedrive\resolume ffgl coding\ffgl\build\windows\x64\debug\add\ffglpluginmanager.obj
c:\users\atiemark\onedrive\resolume ffgl coding\ffgl\build\windows\x64\debug\add\ffglplugininfodata.obj
c:\users\atiemark\onedrive\resolume ffgl coding\ffgl\build\windows\x64\debug\add\ffglplugininfo.obj
c:\users\atiemark\onedrive\resolume ffgl coding\ffgl\build\windows\x64\debug\add\ffgllog.obj
c:\users\atiemark\onedrive\resolume ffgl coding\ffgl\build\windows\x64\debug\add\ffgl.obj
c:\users\atiemark\onedrive\resolume ffgl coding\ffgl\build\windows\x64\debug\add\ffglsource.obj
c:\users\atiemark\onedrive\resolume ffgl coding\ffgl\build\windows\x64\debug\add\ffglsmoothvalue.obj
c:\users\atiemark\onedrive\resolume ffgl coding\ffgl\build\windows\x64\debug\add\ffglrandom.obj
c:\users\atiemark\onedrive\resolume ffgl coding\ffgl\build\windows\x64\debug\add\ffglplugin.obj
c:\users\atiemark\onedrive\resolume ffgl coding\ffgl\build\windows\x64\debug\add\ffglparamtrigger.obj
c:\users\atiemark\onedrive\resolume ffgl coding\ffgl\build\windows\x64\debug\add\ffglparamtext.obj
c:\users\atiemark\onedrive\resolume ffgl coding\ffgl\binaries\x64\debug\add.dll
c:\users\atiemark\onedrive\resolume ffgl coding\ffgl\binaries\x64\debug\add.pdb
c:\users\atiemark\onedrive\resolume ffgl coding\ffgl\binaries\x64\debug\add.lib
c:\users\atiemark\onedrive\resolume ffgl coding\ffgl\binaries\x64\debug\add.exp
c:\users\atiemark\onedrive\resolume ffgl coding\ffgl\build\windows\x64\debug\add\add.tlog\cl.command.1.tlog
c:\users\atiemark\onedrive\resolume ffgl coding\ffgl\build\windows\x64\debug\add\add.tlog\cl.items.tlog
c:\users\atiemark\onedrive\resolume ffgl coding\ffgl\build\windows\x64\debug\add\add.tlog\cl.read.1.tlog
c:\users\atiemark\onedrive\resolume ffgl coding\ffgl\build\windows\x64\debug\add\add.tlog\cl.write.1.tlog
c:\users\atiemark\onedrive\resolume ffgl coding\ffgl\build\windows\x64\debug\add\add.tlog\link.command.1.tlog
c:\users\atiemark\onedrive\resolume ffgl coding\ffgl\build\windows\x64\debug\add\add.tlog\link.read.1.tlog
c:\users\atiemark\onedrive\resolume ffgl coding\ffgl\build\windows\x64\debug\add\add.tlog\link.secondary.1.tlog
c:\users\atiemark\onedrive\resolume ffgl coding\ffgl\build\windows\x64\debug\add\add.tlog\link.write.1.tlog
