c:\users\atiemark\onedrive\resolume ffgl coding\ffgl\build\windows\x64\debug\events\vc143.pdb
c:\users\atiemark\onedrive\resolume ffgl coding\ffgl\build\windows\x64\debug\events\ffglparamrange.obj
c:\users\atiemark\onedrive\resolume ffgl coding\ffgl\build\windows\x64\debug\events\ffglparamoption.obj
c:\users\atiemark\onedrive\resolume ffgl coding\ffgl\build\windows\x64\debug\events\ffglparamfft.obj
c:\users\atiemark\onedrive\resolume ffgl coding\ffgl\build\windows\x64\debug\events\ffglparamevent.obj
c:\users\atiemark\onedrive\resolume ffgl coding\ffgl\build\windows\x64\debug\events\ffglparambool.obj
c:\users\atiemark\onedrive\resolume ffgl coding\ffgl\build\windows\x64\debug\events\ffglparam.obj
c:\users\atiemark\onedrive\resolume ffgl coding\ffgl\build\windows\x64\debug\events\ffglmixer.obj
c:\users\atiemark\onedrive\resolume ffgl coding\ffgl\build\windows\x64\debug\events\ffgleffect.obj
c:\users\atiemark\onedrive\resolume ffgl coding\ffgl\build\windows\x64\debug\events\ffglaudio.obj
c:\users\atiemark\onedrive\resolume ffgl coding\ffgl\build\windows\x64\debug\events\ffglutilities.obj
c:\users\atiemark\onedrive\resolume ffgl coding\ffgl\build\windows\x64\debug\events\ffglshader.obj
c:\users\atiemark\onedrive\resolume ffgl coding\ffgl\build\windows\x64\debug\events\ffglscreenquad.obj
c:\users\atiemark\onedrive\resolume ffgl coding\ffgl\build\windows\x64\debug\events\ffglscopedvaobinding.obj
c:\users\atiemark\onedrive\resolume ffgl coding\ffgl\build\windows\x64\debug\events\ffglscopedtexturebinding.obj
c:\users\atiemark\onedrive\resolume ffgl coding\ffgl\build\windows\x64\debug\events\ffglscopedshaderbinding.obj
c:\users\atiemark\onedrive\resolume ffgl coding\ffgl\build\windows\x64\debug\events\ffglscopedsampleractivation.obj
c:\users\atiemark\onedrive\resolume ffgl coding\ffgl\build\windows\x64\debug\events\ffglscopedrenderbufferbinding.obj
c:\users\atiemark\onedrive\resolume ffgl coding\ffgl\build\windows\x64\debug\events\ffglscopedfbobinding.obj
c:\users\atiemark\onedrive\resolume ffgl coding\ffgl\build\windows\x64\debug\events\ffglscopedbufferbinding.obj
c:\users\atiemark\onedrive\resolume ffgl coding\ffgl\build\windows\x64\debug\events\ffglfbo.obj
c:\users\atiemark\onedrive\resolume ffgl coding\ffgl\build\windows\x64\debug\events\ffglevents.obj
c:\users\atiemark\onedrive\resolume ffgl coding\ffgl\build\windows\x64\debug\events\ffglthumbnailinfo.obj
c:\users\atiemark\onedrive\resolume ffgl coding\ffgl\build\windows\x64\debug\events\ffglpluginsdk.obj
c:\users\atiemark\onedrive\resolume ffgl coding\ffgl\build\windows\x64\debug\events\ffglpluginmanager.obj
c:\users\atiemark\onedrive\resolume ffgl coding\ffgl\build\windows\x64\debug\events\ffglplugininfodata.obj
c:\users\atiemark\onedrive\resolume ffgl coding\ffgl\build\windows\x64\debug\events\ffglplugininfo.obj
c:\users\atiemark\onedrive\resolume ffgl coding\ffgl\build\windows\x64\debug\events\ffgllog.obj
c:\users\atiemark\onedrive\resolume ffgl coding\ffgl\build\windows\x64\debug\events\ffgl.obj
c:\users\atiemark\onedrive\resolume ffgl coding\ffgl\build\windows\x64\debug\events\ffglsource.obj
c:\users\atiemark\onedrive\resolume ffgl coding\ffgl\build\windows\x64\debug\events\ffglsmoothvalue.obj
c:\users\atiemark\onedrive\resolume ffgl coding\ffgl\build\windows\x64\debug\events\ffglrandom.obj
c:\users\atiemark\onedrive\resolume ffgl coding\ffgl\build\windows\x64\debug\events\ffglplugin.obj
c:\users\atiemark\onedrive\resolume ffgl coding\ffgl\build\windows\x64\debug\events\ffglparamtrigger.obj
c:\users\atiemark\onedrive\resolume ffgl coding\ffgl\build\windows\x64\debug\events\ffglparamtext.obj
c:\users\atiemark\onedrive\resolume ffgl coding\ffgl\binaries\x64\debug\events.dll
c:\users\atiemark\onedrive\resolume ffgl coding\ffgl\binaries\x64\debug\events.pdb
c:\users\atiemark\onedrive\resolume ffgl coding\ffgl\binaries\x64\debug\events.lib
c:\users\atiemark\onedrive\resolume ffgl coding\ffgl\binaries\x64\debug\events.exp
c:\users\atiemark\onedrive\resolume ffgl coding\ffgl\build\windows\x64\debug\events\events.tlog\cl.command.1.tlog
c:\users\atiemark\onedrive\resolume ffgl coding\ffgl\build\windows\x64\debug\events\events.tlog\cl.items.tlog
c:\users\atiemark\onedrive\resolume ffgl coding\ffgl\build\windows\x64\debug\events\events.tlog\cl.read.1.tlog
c:\users\atiemark\onedrive\resolume ffgl coding\ffgl\build\windows\x64\debug\events\events.tlog\cl.write.1.tlog
c:\users\atiemark\onedrive\resolume ffgl coding\ffgl\build\windows\x64\debug\events\events.tlog\link.command.1.tlog
c:\users\atiemark\onedrive\resolume ffgl coding\ffgl\build\windows\x64\debug\events\events.tlog\link.read.1.tlog
c:\users\atiemark\onedrive\resolume ffgl coding\ffgl\build\windows\x64\debug\events\events.tlog\link.secondary.1.tlog
c:\users\atiemark\onedrive\resolume ffgl coding\ffgl\build\windows\x64\debug\events\events.tlog\link.write.1.tlog
