c:\users\atiemark\onedrive\resolume ffgl coding\ffgl\build\windows\x64\debug\gradient\vc143.pdb
c:\users\atiemark\onedrive\resolume ffgl coding\ffgl\build\windows\x64\debug\gradient\ffglparamrange.obj
c:\users\atiemark\onedrive\resolume ffgl coding\ffgl\build\windows\x64\debug\gradient\ffglparamoption.obj
c:\users\atiemark\onedrive\resolume ffgl coding\ffgl\build\windows\x64\debug\gradient\ffglparamfft.obj
c:\users\atiemark\onedrive\resolume ffgl coding\ffgl\build\windows\x64\debug\gradient\ffglparamevent.obj
c:\users\atiemark\onedrive\resolume ffgl coding\ffgl\build\windows\x64\debug\gradient\ffglparambool.obj
c:\users\atiemark\onedrive\resolume ffgl coding\ffgl\build\windows\x64\debug\gradient\ffglparam.obj
c:\users\atiemark\onedrive\resolume ffgl coding\ffgl\build\windows\x64\debug\gradient\ffglmixer.obj
c:\users\atiemark\onedrive\resolume ffgl coding\ffgl\build\windows\x64\debug\gradient\ffgleffect.obj
c:\users\atiemark\onedrive\resolume ffgl coding\ffgl\build\windows\x64\debug\gradient\ffglaudio.obj
c:\users\atiemark\onedrive\resolume ffgl coding\ffgl\build\windows\x64\debug\gradient\ffglutilities.obj
c:\users\atiemark\onedrive\resolume ffgl coding\ffgl\build\windows\x64\debug\gradient\ffglshader.obj
c:\users\atiemark\onedrive\resolume ffgl coding\ffgl\build\windows\x64\debug\gradient\ffglscreenquad.obj
c:\users\atiemark\onedrive\resolume ffgl coding\ffgl\build\windows\x64\debug\gradient\ffglscopedvaobinding.obj
c:\users\atiemark\onedrive\resolume ffgl coding\ffgl\build\windows\x64\debug\gradient\ffglscopedtexturebinding.obj
c:\users\atiemark\onedrive\resolume ffgl coding\ffgl\build\windows\x64\debug\gradient\ffglscopedshaderbinding.obj
c:\users\atiemark\onedrive\resolume ffgl coding\ffgl\build\windows\x64\debug\gradient\ffglscopedsampleractivation.obj
c:\users\atiemark\onedrive\resolume ffgl coding\ffgl\build\windows\x64\debug\gradient\ffglscopedrenderbufferbinding.obj
c:\users\atiemark\onedrive\resolume ffgl coding\ffgl\build\windows\x64\debug\gradient\ffglscopedfbobinding.obj
c:\users\atiemark\onedrive\resolume ffgl coding\ffgl\build\windows\x64\debug\gradient\ffglscopedbufferbinding.obj
c:\users\atiemark\onedrive\resolume ffgl coding\ffgl\build\windows\x64\debug\gradient\ffglfbo.obj
c:\users\atiemark\onedrive\resolume ffgl coding\ffgl\build\windows\x64\debug\gradient\ffglgradients.obj
c:\users\atiemark\onedrive\resolume ffgl coding\ffgl\build\windows\x64\debug\gradient\ffglthumbnailinfo.obj
c:\users\atiemark\onedrive\resolume ffgl coding\ffgl\build\windows\x64\debug\gradient\ffglpluginsdk.obj
c:\users\atiemark\onedrive\resolume ffgl coding\ffgl\build\windows\x64\debug\gradient\ffglpluginmanager.obj
c:\users\atiemark\onedrive\resolume ffgl coding\ffgl\build\windows\x64\debug\gradient\ffglplugininfodata.obj
c:\users\atiemark\onedrive\resolume ffgl coding\ffgl\build\windows\x64\debug\gradient\ffglplugininfo.obj
c:\users\atiemark\onedrive\resolume ffgl coding\ffgl\build\windows\x64\debug\gradient\ffgllog.obj
c:\users\atiemark\onedrive\resolume ffgl coding\ffgl\build\windows\x64\debug\gradient\ffgl.obj
c:\users\atiemark\onedrive\resolume ffgl coding\ffgl\build\windows\x64\debug\gradient\ffglsource.obj
c:\users\atiemark\onedrive\resolume ffgl coding\ffgl\build\windows\x64\debug\gradient\ffglsmoothvalue.obj
c:\users\atiemark\onedrive\resolume ffgl coding\ffgl\build\windows\x64\debug\gradient\ffglrandom.obj
c:\users\atiemark\onedrive\resolume ffgl coding\ffgl\build\windows\x64\debug\gradient\ffglplugin.obj
c:\users\atiemark\onedrive\resolume ffgl coding\ffgl\build\windows\x64\debug\gradient\ffglparamtrigger.obj
c:\users\atiemark\onedrive\resolume ffgl coding\ffgl\build\windows\x64\debug\gradient\ffglparamtext.obj
c:\users\atiemark\onedrive\resolume ffgl coding\ffgl\binaries\x64\debug\gradient.dll
c:\users\atiemark\onedrive\resolume ffgl coding\ffgl\binaries\x64\debug\gradient.pdb
c:\users\atiemark\onedrive\resolume ffgl coding\ffgl\binaries\x64\debug\gradient.lib
c:\users\atiemark\onedrive\resolume ffgl coding\ffgl\binaries\x64\debug\gradient.exp
c:\users\atiemark\onedrive\resolume ffgl coding\ffgl\build\windows\x64\debug\gradient\gradient.tlog\cl.command.1.tlog
c:\users\atiemark\onedrive\resolume ffgl coding\ffgl\build\windows\x64\debug\gradient\gradient.tlog\cl.items.tlog
c:\users\atiemark\onedrive\resolume ffgl coding\ffgl\build\windows\x64\debug\gradient\gradient.tlog\cl.read.1.tlog
c:\users\atiemark\onedrive\resolume ffgl coding\ffgl\build\windows\x64\debug\gradient\gradient.tlog\cl.write.1.tlog
c:\users\atiemark\onedrive\resolume ffgl coding\ffgl\build\windows\x64\debug\gradient\gradient.tlog\link.command.1.tlog
c:\users\atiemark\onedrive\resolume ffgl coding\ffgl\build\windows\x64\debug\gradient\gradient.tlog\link.read.1.tlog
c:\users\atiemark\onedrive\resolume ffgl coding\ffgl\build\windows\x64\debug\gradient\gradient.tlog\link.secondary.1.tlog
c:\users\atiemark\onedrive\resolume ffgl coding\ffgl\build\windows\x64\debug\gradient\gradient.tlog\link.write.1.tlog
