c:\users\atiemark\onedrive\resolume ffgl coding\ffgl\build\windows\x64\debug\customthumbnail\vc143.pdb
c:\users\atiemark\onedrive\resolume ffgl coding\ffgl\build\windows\x64\debug\customthumbnail\ffglparamrange.obj
c:\users\atiemark\onedrive\resolume ffgl coding\ffgl\build\windows\x64\debug\customthumbnail\ffglparamoption.obj
c:\users\atiemark\onedrive\resolume ffgl coding\ffgl\build\windows\x64\debug\customthumbnail\ffglparamfft.obj
c:\users\atiemark\onedrive\resolume ffgl coding\ffgl\build\windows\x64\debug\customthumbnail\ffglparamevent.obj
c:\users\atiemark\onedrive\resolume ffgl coding\ffgl\build\windows\x64\debug\customthumbnail\ffglparambool.obj
c:\users\atiemark\onedrive\resolume ffgl coding\ffgl\build\windows\x64\debug\customthumbnail\ffglparam.obj
c:\users\atiemark\onedrive\resolume ffgl coding\ffgl\build\windows\x64\debug\customthumbnail\ffglmixer.obj
c:\users\atiemark\onedrive\resolume ffgl coding\ffgl\build\windows\x64\debug\customthumbnail\ffgleffect.obj
c:\users\atiemark\onedrive\resolume ffgl coding\ffgl\build\windows\x64\debug\customthumbnail\ffglaudio.obj
c:\users\atiemark\onedrive\resolume ffgl coding\ffgl\build\windows\x64\debug\customthumbnail\ffglutilities.obj
c:\users\atiemark\onedrive\resolume ffgl coding\ffgl\build\windows\x64\debug\customthumbnail\ffglshader.obj
c:\users\atiemark\onedrive\resolume ffgl coding\ffgl\build\windows\x64\debug\customthumbnail\ffglscreenquad.obj
c:\users\atiemark\onedrive\resolume ffgl coding\ffgl\build\windows\x64\debug\customthumbnail\ffglscopedvaobinding.obj
c:\users\atiemark\onedrive\resolume ffgl coding\ffgl\build\windows\x64\debug\customthumbnail\ffglscopedtexturebinding.obj
c:\users\atiemark\onedrive\resolume ffgl coding\ffgl\build\windows\x64\debug\customthumbnail\ffglscopedshaderbinding.obj
c:\users\atiemark\onedrive\resolume ffgl coding\ffgl\build\windows\x64\debug\customthumbnail\ffglscopedsampleractivation.obj
c:\users\atiemark\onedrive\resolume ffgl coding\ffgl\build\windows\x64\debug\customthumbnail\ffglscopedrenderbufferbinding.obj
c:\users\atiemark\onedrive\resolume ffgl coding\ffgl\build\windows\x64\debug\customthumbnail\ffglscopedfbobinding.obj
c:\users\atiemark\onedrive\resolume ffgl coding\ffgl\build\windows\x64\debug\customthumbnail\ffglscopedbufferbinding.obj
c:\users\atiemark\onedrive\resolume ffgl coding\ffgl\build\windows\x64\debug\customthumbnail\ffglfbo.obj
c:\users\atiemark\onedrive\resolume ffgl coding\ffgl\build\windows\x64\debug\customthumbnail\pngloader.obj
c:\users\atiemark\onedrive\resolume ffgl coding\ffgl\build\windows\x64\debug\customthumbnail\customthumbnail.obj
c:\users\atiemark\onedrive\resolume ffgl coding\ffgl\build\windows\x64\debug\customthumbnail\ffglthumbnailinfo.obj
c:\users\atiemark\onedrive\resolume ffgl coding\ffgl\build\windows\x64\debug\customthumbnail\ffglpluginsdk.obj
c:\users\atiemark\onedrive\resolume ffgl coding\ffgl\build\windows\x64\debug\customthumbnail\ffglpluginmanager.obj
c:\users\atiemark\onedrive\resolume ffgl coding\ffgl\build\windows\x64\debug\customthumbnail\ffglplugininfodata.obj
c:\users\atiemark\onedrive\resolume ffgl coding\ffgl\build\windows\x64\debug\customthumbnail\ffglplugininfo.obj
c:\users\atiemark\onedrive\resolume ffgl coding\ffgl\build\windows\x64\debug\customthumbnail\ffgllog.obj
c:\users\atiemark\onedrive\resolume ffgl coding\ffgl\build\windows\x64\debug\customthumbnail\ffgl.obj
c:\users\atiemark\onedrive\resolume ffgl coding\ffgl\build\windows\x64\debug\customthumbnail\ffglsource.obj
c:\users\atiemark\onedrive\resolume ffgl coding\ffgl\build\windows\x64\debug\customthumbnail\ffglsmoothvalue.obj
c:\users\atiemark\onedrive\resolume ffgl coding\ffgl\build\windows\x64\debug\customthumbnail\ffglrandom.obj
c:\users\atiemark\onedrive\resolume ffgl coding\ffgl\build\windows\x64\debug\customthumbnail\ffglplugin.obj
c:\users\atiemark\onedrive\resolume ffgl coding\ffgl\build\windows\x64\debug\customthumbnail\ffglparamtrigger.obj
c:\users\atiemark\onedrive\resolume ffgl coding\ffgl\build\windows\x64\debug\customthumbnail\ffglparamtext.obj
c:\users\atiemark\onedrive\resolume ffgl coding\ffgl\binaries\x64\debug\customthumbnail.dll
c:\users\atiemark\onedrive\resolume ffgl coding\ffgl\binaries\x64\debug\customthumbnail.pdb
c:\users\atiemark\onedrive\resolume ffgl coding\ffgl\binaries\x64\debug\customthumbnail.lib
c:\users\atiemark\onedrive\resolume ffgl coding\ffgl\binaries\x64\debug\customthumbnail.exp
c:\users\atiemark\onedrive\resolume ffgl coding\ffgl\build\windows\x64\debug\customthumbnail\customthumbnail.tlog\cl.command.1.tlog
c:\users\atiemark\onedrive\resolume ffgl coding\ffgl\build\windows\x64\debug\customthumbnail\customthumbnail.tlog\cl.items.tlog
c:\users\atiemark\onedrive\resolume ffgl coding\ffgl\build\windows\x64\debug\customthumbnail\customthumbnail.tlog\cl.read.1.tlog
c:\users\atiemark\onedrive\resolume ffgl coding\ffgl\build\windows\x64\debug\customthumbnail\customthumbnail.tlog\cl.write.1.tlog
c:\users\atiemark\onedrive\resolume ffgl coding\ffgl\build\windows\x64\debug\customthumbnail\customthumbnail.tlog\link.command.1.tlog
c:\users\atiemark\onedrive\resolume ffgl coding\ffgl\build\windows\x64\debug\customthumbnail\customthumbnail.tlog\link.read.1.tlog
c:\users\atiemark\onedrive\resolume ffgl coding\ffgl\build\windows\x64\debug\customthumbnail\customthumbnail.tlog\link.secondary.1.tlog
c:\users\atiemark\onedrive\resolume ffgl coding\ffgl\build\windows\x64\debug\customthumbnail\customthumbnail.tlog\link.write.1.tlog
