c:\users\atiemark\onedrive\resolume ffgl coding\ffgl\build\windows\x64\debug\addsubtract\vc143.pdb
c:\users\atiemark\onedrive\resolume ffgl coding\ffgl\build\windows\x64\debug\addsubtract\ffglparamrange.obj
c:\users\atiemark\onedrive\resolume ffgl coding\ffgl\build\windows\x64\debug\addsubtract\ffglparamoption.obj
c:\users\atiemark\onedrive\resolume ffgl coding\ffgl\build\windows\x64\debug\addsubtract\ffglparamfft.obj
c:\users\atiemark\onedrive\resolume ffgl coding\ffgl\build\windows\x64\debug\addsubtract\ffglparamevent.obj
c:\users\atiemark\onedrive\resolume ffgl coding\ffgl\build\windows\x64\debug\addsubtract\ffglparambool.obj
c:\users\atiemark\onedrive\resolume ffgl coding\ffgl\build\windows\x64\debug\addsubtract\ffglparam.obj
c:\users\atiemark\onedrive\resolume ffgl coding\ffgl\build\windows\x64\debug\addsubtract\ffglmixer.obj
c:\users\atiemark\onedrive\resolume ffgl coding\ffgl\build\windows\x64\debug\addsubtract\ffgleffect.obj
c:\users\atiemark\onedrive\resolume ffgl coding\ffgl\build\windows\x64\debug\addsubtract\ffglaudio.obj
c:\users\atiemark\onedrive\resolume ffgl coding\ffgl\build\windows\x64\debug\addsubtract\ffglutilities.obj
c:\users\atiemark\onedrive\resolume ffgl coding\ffgl\build\windows\x64\debug\addsubtract\ffglshader.obj
c:\users\atiemark\onedrive\resolume ffgl coding\ffgl\build\windows\x64\debug\addsubtract\ffglscreenquad.obj
c:\users\atiemark\onedrive\resolume ffgl coding\ffgl\build\windows\x64\debug\addsubtract\ffglscopedvaobinding.obj
c:\users\atiemark\onedrive\resolume ffgl coding\ffgl\build\windows\x64\debug\addsubtract\ffglscopedtexturebinding.obj
c:\users\atiemark\onedrive\resolume ffgl coding\ffgl\build\windows\x64\debug\addsubtract\ffglscopedshaderbinding.obj
c:\users\atiemark\onedrive\resolume ffgl coding\ffgl\build\windows\x64\debug\addsubtract\ffglscopedsampleractivation.obj
c:\users\atiemark\onedrive\resolume ffgl coding\ffgl\build\windows\x64\debug\addsubtract\ffglscopedrenderbufferbinding.obj
c:\users\atiemark\onedrive\resolume ffgl coding\ffgl\build\windows\x64\debug\addsubtract\ffglscopedfbobinding.obj
c:\users\atiemark\onedrive\resolume ffgl coding\ffgl\build\windows\x64\debug\addsubtract\ffglscopedbufferbinding.obj
c:\users\atiemark\onedrive\resolume ffgl coding\ffgl\build\windows\x64\debug\addsubtract\ffglfbo.obj
c:\users\atiemark\onedrive\resolume ffgl coding\ffgl\build\windows\x64\debug\addsubtract\addsubtract.obj
c:\users\atiemark\onedrive\resolume ffgl coding\ffgl\build\windows\x64\debug\addsubtract\ffglthumbnailinfo.obj
c:\users\atiemark\onedrive\resolume ffgl coding\ffgl\build\windows\x64\debug\addsubtract\ffglpluginsdk.obj
c:\users\atiemark\onedrive\resolume ffgl coding\ffgl\build\windows\x64\debug\addsubtract\ffglpluginmanager.obj
c:\users\atiemark\onedrive\resolume ffgl coding\ffgl\build\windows\x64\debug\addsubtract\ffglplugininfodata.obj
c:\users\atiemark\onedrive\resolume ffgl coding\ffgl\build\windows\x64\debug\addsubtract\ffglplugininfo.obj
c:\users\atiemark\onedrive\resolume ffgl coding\ffgl\build\windows\x64\debug\addsubtract\ffgllog.obj
c:\users\atiemark\onedrive\resolume ffgl coding\ffgl\build\windows\x64\debug\addsubtract\ffgl.obj
c:\users\atiemark\onedrive\resolume ffgl coding\ffgl\build\windows\x64\debug\addsubtract\ffglsource.obj
c:\users\atiemark\onedrive\resolume ffgl coding\ffgl\build\windows\x64\debug\addsubtract\ffglsmoothvalue.obj
c:\users\atiemark\onedrive\resolume ffgl coding\ffgl\build\windows\x64\debug\addsubtract\ffglrandom.obj
c:\users\atiemark\onedrive\resolume ffgl coding\ffgl\build\windows\x64\debug\addsubtract\ffglplugin.obj
c:\users\atiemark\onedrive\resolume ffgl coding\ffgl\build\windows\x64\debug\addsubtract\ffglparamtrigger.obj
c:\users\atiemark\onedrive\resolume ffgl coding\ffgl\build\windows\x64\debug\addsubtract\ffglparamtext.obj
c:\users\atiemark\onedrive\resolume ffgl coding\ffgl\binaries\x64\debug\addsubtract.dll
c:\users\atiemark\onedrive\resolume ffgl coding\ffgl\binaries\x64\debug\addsubtract.pdb
c:\users\atiemark\onedrive\resolume ffgl coding\ffgl\binaries\x64\debug\addsubtract.lib
c:\users\atiemark\onedrive\resolume ffgl coding\ffgl\binaries\x64\debug\addsubtract.exp
c:\users\atiemark\onedrive\resolume ffgl coding\ffgl\build\windows\x64\debug\addsubtract\addsubtract.tlog\cl.command.1.tlog
c:\users\atiemark\onedrive\resolume ffgl coding\ffgl\build\windows\x64\debug\addsubtract\addsubtract.tlog\cl.items.tlog
c:\users\atiemark\onedrive\resolume ffgl coding\ffgl\build\windows\x64\debug\addsubtract\addsubtract.tlog\cl.read.1.tlog
c:\users\atiemark\onedrive\resolume ffgl coding\ffgl\build\windows\x64\debug\addsubtract\addsubtract.tlog\cl.write.1.tlog
c:\users\atiemark\onedrive\resolume ffgl coding\ffgl\build\windows\x64\debug\addsubtract\addsubtract.tlog\link.command.1.tlog
c:\users\atiemark\onedrive\resolume ffgl coding\ffgl\build\windows\x64\debug\addsubtract\addsubtract.tlog\link.read.1.tlog
c:\users\atiemark\onedrive\resolume ffgl coding\ffgl\build\windows\x64\debug\addsubtract\addsubtract.tlog\link.secondary.1.tlog
c:\users\atiemark\onedrive\resolume ffgl coding\ffgl\build\windows\x64\debug\addsubtract\addsubtract.tlog\link.write.1.tlog
